<?xml version="1.0" encoding="UTF-8"?>
<testng-results skipped="0" failed="0" ignored="0" total="1" passed="1">
  <reporter-output>
  </reporter-output>
  <suite name="testNGWithMaven Test Suite" duration-ms="24345" started-at="2020-07-22T02:21:07 IST" finished-at="2020-07-22T02:21:32 IST">
    <groups>
      <group name="cucumber">
        <method signature="TestRunner.getFeature(cucumber.api.testng.CucumberFeatureWrapper)[pri:0, instance:com.demo.amazonbdddocker.testrunner.TestRunner@4b1c1ea0]" name="getFeature" class="com.demo.amazonbdddocker.testrunner.TestRunner"/>
      </group> <!-- cucumber -->
    </groups>
    <test name="TestNG With maven" duration-ms="24345" started-at="2020-07-22T02:21:07 IST" finished-at="2020-07-22T02:21:32 IST">
      <class name="com.demo.amazonbdddocker.testrunner.TestRunner">
        <test-method status="PASS" signature="setup()[pri:0, instance:com.demo.amazonbdddocker.testrunner.TestRunner@4b1c1ea0]" name="setup" is-config="true" duration-ms="224" started-at="2020-07-22T02:21:07 IST" finished-at="2020-07-22T02:21:08 IST">
          <reporter-output>
          </reporter-output>
        </test-method> <!-- setup -->
        <test-method status="PASS" signature="getFeature(cucumber.api.testng.CucumberFeatureWrapper)[pri:0, instance:com.demo.amazonbdddocker.testrunner.TestRunner@4b1c1ea0]" name="getFeature" duration-ms="19241" started-at="2020-07-22T02:21:08 IST" description="Runs Cucumber Feature" data-provider="features" finished-at="2020-07-22T02:21:27 IST">
          <params>
            <param index="0">
              <value>
                <![CDATA[Product search on Amazon]]>
              </value>
            </param>
          </params>
          <reporter-output>
          </reporter-output>
        </test-method> <!-- getFeature -->
        <test-method status="PASS" signature="cleanup()[pri:0, instance:com.demo.amazonbdddocker.testrunner.TestRunner@4b1c1ea0]" name="cleanup" is-config="true" duration-ms="4768" started-at="2020-07-22T02:21:27 IST" finished-at="2020-07-22T02:21:32 IST">
          <reporter-output>
          </reporter-output>
        </test-method> <!-- cleanup -->
      </class> <!-- com.demo.amazonbdddocker.testrunner.TestRunner -->
    </test> <!-- TestNG With maven -->
  </suite> <!-- testNGWithMaven Test Suite -->
</testng-results>
